<?xml version="1.0" encoding="UTF-8"?>
<!-- Generated by org.testng.reporters.JUnitXMLReporter -->
<testsuite ignored="0" hostname="DESKTOP-LU2K2A6" failures="0" tests="5" name="Test" time="2.243" errors="0" timestamp="2025-03-09T09:16:03 IST">
  <testcase classname="org.testing.testScripts.TC1_PostMethod" name="TC1" time="1.954"/>
  <testcase classname="org.testing.testScripts.TC2_getallmethod" name="TC2" time="0.058"/>
  <testcase classname="org.testing.testScripts.TC3_getperticular" name="TC3" time="0.045"/>
  <testcase classname="org.testing.testScripts.TC4_delete" name="TC4" time="0.059"/>
  <testcase classname="org.testing.testScripts.TC5_put" name="TC5" time="0.034"/>
</testsuite> <!-- Test -->
