<?xml version="1.0" encoding="UTF-8"?>
<testng-results ignored="0" total="1" passed="0" failed="1" skipped="0">
  <reporter-output>
  </reporter-output>
  <suite started-at="2025-02-26T12:08:48 IST" name="Suite" finished-at="2025-02-26T12:08:59 IST" duration-ms="11020">
    <groups>
      <group name="purchase">
        <method signature="Practice.submitorder(java.util.HashMap)[pri:0, instance:Ecommerce.Practice@6ccdb29f]" name="submitorder" class="Ecommerce.Practice"/>
      </group> <!-- purchase -->
    </groups>
    <test started-at="2025-02-26T12:08:48 IST" name="submitorder" finished-at="2025-02-26T12:08:59 IST" duration-ms="11020">
      <class name="Ecommerce.Practice">
        <test-method is-config="true" signature="launch()[pri:0, instance:Ecommerce.Practice@6ccdb29f]" started-at="2025-02-26T12:08:48 IST" name="launch" finished-at="2025-02-26T12:08:54 IST" duration-ms="5839" status="PASS">
          <reporter-output>
          </reporter-output>
        </test-method> <!-- launch -->
        <test-method signature="submitorder(java.util.HashMap)[pri:0, instance:Ecommerce.Practice@6ccdb29f]" started-at="2025-02-26T12:08:54 IST" name="submitorder" data-provider="getdata" finished-at="2025-02-26T12:08:59 IST" duration-ms="4605" status="FAIL">
          <params>
            <param index="0">
              <value>
                <![CDATA[{password=258369Qp@, username=shashank19agrawal@gmail.com}]]>
              </value>
            </param>
          </params>
          <exception class="java.lang.AssertionError">
            <message>
              <![CDATA[expected [THNKYOU FOR THE ORDER.] but found [THANKYOU FOR THE ORDER.]]]>
            </message>
            <full-stacktrace>
              <![CDATA[java.lang.AssertionError: expected [THNKYOU FOR THE ORDER.] but found [THANKYOU FOR THE ORDER.]
at org.testng.Assert.fail(Assert.java:99)
at org.testng.Assert.failNotEquals(Assert.java:1037)
at org.testng.Assert.assertEqualsImpl(Assert.java:140)
at org.testng.Assert.assertEquals(Assert.java:122)
at org.testng.Assert.assertEquals(Assert.java:629)
at org.testng.Assert.assertEquals(Assert.java:639)
at Ecommerce.page.Confirmation.confirm(Confirmation.java:20)
at Ecommerce.Practice.submitorder(Practice.java:44)
at java.base/jdk.internal.reflect.DirectMethodHandleAccessor.invoke(DirectMethodHandleAccessor.java:103)
at java.base/java.lang.reflect.Method.invoke(Method.java:580)
at org.testng.internal.MethodInvocationHelper.invokeMethod(MethodInvocationHelper.java:133)
at org.testng.internal.TestInvoker.invokeMethod(TestInvoker.java:598)
at org.testng.internal.TestInvoker.invokeTestMethod(TestInvoker.java:173)
at org.testng.internal.MethodRunner.runInSequence(MethodRunner.java:46)
at org.testng.internal.TestInvoker$MethodInvocationAgent.invoke(TestInvoker.java:824)
at org.testng.internal.TestInvoker.invokeTestMethods(TestInvoker.java:146)
at org.testng.internal.TestMethodWorker.invokeTestMethods(TestMethodWorker.java:146)
at org.testng.internal.TestMethodWorker.run(TestMethodWorker.java:128)
at java.base/java.util.ArrayList.forEach(ArrayList.java:1597)
at org.testng.TestRunner.privateRun(TestRunner.java:794)
at org.testng.TestRunner.run(TestRunner.java:596)
at org.testng.SuiteRunner.runTest(SuiteRunner.java:377)
at org.testng.SuiteRunner.runSequentially(SuiteRunner.java:371)
at org.testng.SuiteRunner.privateRun(SuiteRunner.java:332)
at org.testng.SuiteRunner.run(SuiteRunner.java:276)
at org.testng.SuiteRunnerWorker.runSuite(SuiteRunnerWorker.java:53)
at org.testng.SuiteRunnerWorker.run(SuiteRunnerWorker.java:96)
at org.testng.TestNG.runSuitesSequentially(TestNG.java:1212)
at org.testng.TestNG.runSuitesLocally(TestNG.java:1134)
at org.testng.TestNG.runSuites(TestNG.java:1063)
at org.testng.TestNG.run(TestNG.java:1031)
at org.testng.remote.AbstractRemoteTestNG.run(AbstractRemoteTestNG.java:115)
at org.testng.remote.RemoteTestNG.initAndRun(RemoteTestNG.java:293)
at org.testng.remote.RemoteTestNG.main(RemoteTestNG.java:91)
]]>
            </full-stacktrace>
          </exception> <!-- java.lang.AssertionError -->
          <reporter-output>
          </reporter-output>
        </test-method> <!-- submitorder -->
      </class> <!-- Ecommerce.Practice -->
    </test> <!-- submitorder -->
  </suite> <!-- Suite -->
</testng-results>
