<?xml version="1.0" encoding="UTF-8"?>
<!-- Generated by org.testng.reporters.JUnitXMLReporter -->
<testsuite ignored="0" hostname="DESKTOP-LU2K2A6" failures="2" tests="2" name="submitorder" time="14.376" errors="0" timestamp="2025-03-08T12:45:00 IST">
  <testcase classname="Ecommerce.Practice" name="submitorder" time="5.417">
    <failure type="java.lang.AssertionError" message="expected [THNKYOU FOR THE ORDER.] but found [THANKYOU FOR THE ORDER.]">
      <![CDATA[java.lang.AssertionError: expected [THNKYOU FOR THE ORDER.] but found [THANKYOU FOR THE ORDER.]
at Ecommerce.page.Confirmation.confirm(Confirmation.java:20)
at Ecommerce.Practice.submitorder(Practice.java:44)
at java.base/java.util.ArrayList.forEach(ArrayList.java:1597)
... Removed 31 stack frames]]>
    </failure>
  </testcase> <!-- submitorder -->
  <testcase classname="Ecommerce.Practice" name="submitorder" time="14.349">
    <failure type="java.lang.NullPointerException" message="Cannot invoke &amp;quot;org.openqa.selenium.TakesScreenshot.getScreenshotAs(org.openqa.selenium.OutputType)&amp;quot; because &amp;quot;ts&amp;quot; is null">
      <![CDATA[java.lang.NullPointerException: Cannot invoke "org.openqa.selenium.TakesScreenshot.getScreenshotAs(org.openqa.selenium.OutputType)" because "ts" is null
at Ecommerce.components.Basetest.getss(Basetest.java:66)
at Ecommerce.Listners.onTestFailure(Listners.java:36)
at java.base/java.util.ArrayList.forEach(ArrayList.java:1597)
... Removed 24 stack frames]]>
    </failure>
  </testcase> <!-- submitorder -->
</testsuite> <!-- submitorder -->
