<?xml version="1.0" encoding="UTF-8"?>
<!-- Generated by org.testng.reporters.JUnitXMLReporter -->
<testsuite ignored="0" hostname="DESKTOP-LU2K2A6" failures="0" tests="5" name="Test" time="1.909" errors="0" timestamp="01 Mar 2025 13:24:19 GMT">
  <testcase classname="org.testing.TestScripts.TC4_put" name="put" time="1.705"/>
  <testcase classname="org.testing.TestScripts.TC5_delete" name="TC5" time="0.041"/>
  <testcase classname="org.testing.TestScripts.TC2_get" name="get" time="0.034"/>
  <testcase classname="org.testing.TestScripts.TC1post" name="post" time="0.044"/>
  <testcase classname="org.testing.TestScripts.getperticular" name="getperticular" time="0.029"/>
</testsuite> <!-- Test -->
