<?xml version="1.0" encoding="UTF-8"?>
<testng-results ignored="0" total="5" passed="5" failed="0" skipped="0">
  <reporter-output>
  </reporter-output>
  <suite started-at="2025-03-01T13:24:17Z" name="Suite" finished-at="2025-03-01T13:24:19Z" duration-ms="1909">
    <groups>
    </groups>
    <test started-at="2025-03-01T13:24:17Z" name="Test" finished-at="2025-03-01T13:24:19Z" duration-ms="1909">
      <class name="org.testing.TestScripts.getperticular">
        <test-method signature="getperticular()[pri:0, instance:org.testing.TestScripts.getperticular@5be46f9d]" started-at="2025-03-01T18:54:19Z" name="getperticular" finished-at="2025-03-01T18:54:19Z" duration-ms="29" status="PASS">
          <reporter-output>
          </reporter-output>
        </test-method> <!-- getperticular -->
      </class> <!-- org.testing.TestScripts.getperticular -->
      <class name="org.testing.TestScripts.TC4_put">
        <test-method signature="put()[pri:0, instance:org.testing.TestScripts.TC4_put@6239aba6]" started-at="2025-03-01T18:54:17Z" name="put" finished-at="2025-03-01T18:54:19Z" duration-ms="1705" status="PASS">
          <reporter-output>
          </reporter-output>
        </test-method> <!-- put -->
      </class> <!-- org.testing.TestScripts.TC4_put -->
      <class name="org.testing.TestScripts.TC2_get">
        <test-method signature="get()[pri:0, instance:org.testing.TestScripts.TC2_get@7164ca4c]" started-at="2025-03-01T18:54:19Z" name="get" finished-at="2025-03-01T18:54:19Z" duration-ms="34" status="PASS">
          <reporter-output>
          </reporter-output>
        </test-method> <!-- get -->
      </class> <!-- org.testing.TestScripts.TC2_get -->
      <class name="org.testing.TestScripts.TC1post">
        <test-method signature="post()[pri:0, instance:org.testing.TestScripts.TC1post@4f3bbf68]" started-at="2025-03-01T18:54:19Z" name="post" finished-at="2025-03-01T18:54:19Z" duration-ms="44" status="PASS">
          <reporter-output>
          </reporter-output>
        </test-method> <!-- post -->
      </class> <!-- org.testing.TestScripts.TC1post -->
      <class name="org.testing.TestScripts.TC5_delete">
        <test-method signature="TC5()[pri:0, instance:org.testing.TestScripts.TC5_delete@479460a6]" started-at="2025-03-01T18:54:19Z" name="TC5" finished-at="2025-03-01T18:54:19Z" duration-ms="41" status="PASS">
          <reporter-output>
          </reporter-output>
        </test-method> <!-- TC5 -->
      </class> <!-- org.testing.TestScripts.TC5_delete -->
    </test> <!-- Test -->
  </suite> <!-- Suite -->
</testng-results>
