<?xml version="1.0" encoding="UTF-8"?>
<testng-results ignored="0" total="1" passed="1" failed="0" skipped="0">
  <reporter-output>
  </reporter-output>
  <suite started-at="2025-03-08T13:07:53 IST" name="Suite" finished-at="2025-03-08T13:07:53 IST" duration-ms="74">
    <groups>
    </groups>
    <test started-at="2025-03-08T13:07:53 IST" name="Test" finished-at="2025-03-08T13:07:53 IST" duration-ms="74">
      <class name="package1.Class1">
        <test-method signature="test1()[pri:0, instance:package1.Class1@795509d9]" started-at="2025-03-08T13:07:53 IST" name="test1" finished-at="2025-03-08T13:07:53 IST" duration-ms="17" status="PASS">
          <reporter-output>
          </reporter-output>
        </test-method> <!-- test1 -->
      </class> <!-- package1.Class1 -->
    </test> <!-- Test -->
  </suite> <!-- Suite -->
</testng-results>
