<?xml version="1.0" encoding="UTF-8"?>
<testng-results ignored="0" total="5" passed="5" failed="0" skipped="0">
  <reporter-output>
  </reporter-output>
  <suite started-at="2025-03-09T09:16:01 IST" name="Suite" finished-at="2025-03-09T09:16:03 IST" duration-ms="2243">
    <groups>
    </groups>
    <test started-at="2025-03-09T09:16:01 IST" name="Test" finished-at="2025-03-09T09:16:03 IST" duration-ms="2243">
      <class name="org.testing.testScripts.TC4_delete">
        <test-method signature="TC4()[pri:0, instance:org.testing.testScripts.TC4_delete@49049a04]" started-at="2025-03-09T09:16:03 IST" name="TC4" finished-at="2025-03-09T09:16:03 IST" duration-ms="59" status="PASS">
          <reporter-output>
          </reporter-output>
        </test-method> <!-- TC4 -->
      </class> <!-- org.testing.testScripts.TC4_delete -->
      <class name="org.testing.testScripts.TC2_getallmethod">
        <test-method signature="TC2()[pri:0, instance:org.testing.testScripts.TC2_getallmethod@67f639d3]" started-at="2025-03-09T09:16:03 IST" name="TC2" finished-at="2025-03-09T09:16:03 IST" duration-ms="58" status="PASS">
          <reporter-output>
          </reporter-output>
        </test-method> <!-- TC2 -->
      </class> <!-- org.testing.testScripts.TC2_getallmethod -->
      <class name="org.testing.testScripts.TC1_PostMethod">
        <test-method signature="TC1()[pri:0, instance:org.testing.testScripts.TC1_PostMethod@2ea41516]" started-at="2025-03-09T09:16:01 IST" name="TC1" finished-at="2025-03-09T09:16:03 IST" duration-ms="1954" status="PASS">
          <reporter-output>
          </reporter-output>
        </test-method> <!-- TC1 -->
      </class> <!-- org.testing.testScripts.TC1_PostMethod -->
      <class name="org.testing.testScripts.TC5_put">
        <test-method signature="TC5()[pri:0, instance:org.testing.testScripts.TC5_put@71a8adcf]" started-at="2025-03-09T09:16:03 IST" name="TC5" finished-at="2025-03-09T09:16:03 IST" duration-ms="34" status="PASS">
          <reporter-output>
          </reporter-output>
        </test-method> <!-- TC5 -->
      </class> <!-- org.testing.testScripts.TC5_put -->
      <class name="org.testing.testScripts.TC3_getperticular">
        <test-method signature="TC3()[pri:0, instance:org.testing.testScripts.TC3_getperticular@6253c26]" started-at="2025-03-09T09:16:03 IST" name="TC3" finished-at="2025-03-09T09:16:03 IST" duration-ms="45" status="PASS">
          <reporter-output>
          </reporter-output>
        </test-method> <!-- TC3 -->
      </class> <!-- org.testing.testScripts.TC3_getperticular -->
    </test> <!-- Test -->
  </suite> <!-- Suite -->
</testng-results>
